[20:53:00] [Datafixer Bootstrap/INFO]: 188 Datafixer optimizations took 190 milliseconds
[20:53:01] [Render thread/INFO]: Environment: authHost='https://authserver.mojang.com', accountsHost='https://api.mojang.com', sessionHost='https://sessionserver.mojang.com', servicesHost='https://api.minecraftservices.com', name='PROD'
[20:53:01] [Render thread/INFO]: Setting user: RedCodeHero
[20:53:01] [Render thread/INFO]: Backend library: LWJGL version 3.3.1 build 7
[20:53:02] [Render thread/INFO]: Found non-pack entry 'C:\Users\derekd\AppData\Roaming\.minecraft\resourcepacks\ignore', ignoring
[20:53:02] [Render thread/INFO]: Reloading ResourceManager: vanilla
[20:53:02] [Worker-Main-10/INFO]: Found unifont_all_no_pua-15.0.06.hex, loading
[20:53:04] [Render thread/WARN]: Missing sound for event: minecraft:item.goat_horn.play
[20:53:04] [Render thread/WARN]: Missing sound for event: minecraft:entity.goat.screaming.horn_break
[20:53:04] [Render thread/INFO]: OpenAL initialized on device OpenAL Soft on Speakers (Realtek(R) Audio)
[20:53:04] [Render thread/INFO]: Sound engine started
[20:53:04] [Render thread/INFO]: Created: 1024x512x4 minecraft:textures/atlas/blocks.png-atlas
[20:53:04] [Render thread/INFO]: Created: 256x256x4 minecraft:textures/atlas/signs.png-atlas
[20:53:04] [Render thread/INFO]: Created: 512x512x4 minecraft:textures/atlas/banner_patterns.png-atlas
[20:53:04] [Render thread/INFO]: Created: 512x512x4 minecraft:textures/atlas/shield_patterns.png-atlas
[20:53:04] [Render thread/INFO]: Created: 1024x1024x4 minecraft:textures/atlas/armor_trims.png-atlas
[20:53:04] [Render thread/INFO]: Created: 256x256x4 minecraft:textures/atlas/chest.png-atlas
[20:53:04] [Render thread/INFO]: Created: 128x64x4 minecraft:textures/atlas/decorated_pot.png-atlas
[20:53:04] [Render thread/INFO]: Created: 512x256x4 minecraft:textures/atlas/beds.png-atlas
[20:53:04] [Render thread/INFO]: Created: 512x256x4 minecraft:textures/atlas/shulker_boxes.png-atlas
[20:53:04] [Render thread/WARN]: Shader rendertype_entity_translucent_emissive could not find sampler named Sampler2 in the specified shader program.
[20:53:04] [Render thread/INFO]: Created: 256x256x0 minecraft:textures/atlas/particles.png-atlas
[20:53:04] [Render thread/INFO]: Created: 256x256x0 minecraft:textures/atlas/paintings.png-atlas
[20:53:04] [Render thread/INFO]: Created: 128x128x0 minecraft:textures/atlas/mob_effects.png-atlas
[20:53:09] [Render thread/INFO]: Loaded 7 recipes
[20:53:09] [Render thread/INFO]: Loaded 1271 advancements
[20:53:10] [Server thread/INFO]: Starting integrated minecraft server version 1.20.1
[20:53:10] [Server thread/INFO]: Generating keypair
[20:53:11] [Server thread/INFO]: Preparing start region for dimension minecraft:overworld
[20:53:14] [Render thread/INFO]: Preparing spawn area: 0%
[20:53:14] [Render thread/INFO]: Preparing spawn area: 0%
[20:53:14] [Render thread/INFO]: Preparing spawn area: 0%
[20:53:14] [Render thread/INFO]: Preparing spawn area: 0%
[20:53:14] [Render thread/INFO]: Preparing spawn area: 0%
[20:53:14] [Render thread/INFO]: Preparing spawn area: 0%
[20:53:14] [Render thread/INFO]: Preparing spawn area: 0%
[20:53:14] [Render thread/INFO]: Preparing spawn area: 37%
[20:53:15] [Render thread/INFO]: Time elapsed: 3863 ms
[20:53:15] [Server thread/INFO]: Changing view distance to 12, from 10
[20:53:15] [Server thread/INFO]: Changing simulation distance to 12, from 0
[20:53:15] [Server thread/INFO]: RedCodeHero[local:E:1d256a72] logged in with entity id 107 at (3393.987500011921, 65.0, 2915.3810929913175)
[20:53:15] [Server thread/INFO]: RedCodeHero joined the game
[20:53:16] [Render thread/INFO]: Loaded 457 advancements
[20:53:17] [Server thread/INFO]: Saving and pausing game...
[20:53:17] [Server thread/INFO]: Saving chunks for level 'ServerLevel[1.17 and beyond!]'/minecraft:overworld
[20:53:18] [Server thread/INFO]: Saving chunks for level 'ServerLevel[1.17 and beyond!]'/minecraft:the_end
[20:53:18] [Server thread/INFO]: Saving chunks for level 'ServerLevel[1.17 and beyond!]'/minecraft:the_nether
[20:53:24] [Server thread/INFO]: Saving and pausing game...
[20:53:24] [Server thread/INFO]: Saving chunks for level 'ServerLevel[1.17 and beyond!]'/minecraft:overworld
[20:53:25] [Server thread/INFO]: Saving chunks for level 'ServerLevel[1.17 and beyond!]'/minecraft:the_end
[20:53:25] [Server thread/INFO]: Saving chunks for level 'ServerLevel[1.17 and beyond!]'/minecraft:the_nether
[20:53:25] [Server thread/WARN]: Can't keep up! Is the server overloaded? Running 2249ms or 44 ticks behind
[20:53:25] [Server thread/INFO]: RedCodeHero lost connection: Disconnected
[20:53:25] [Server thread/INFO]: RedCodeHero left the game
[20:53:25] [Server thread/INFO]: Stopping singleplayer server as player logged out
[20:53:25] [Server thread/INFO]: Stopping server
[20:53:25] [Server thread/INFO]: Saving players
[20:53:25] [Server thread/INFO]: Saving worlds
[20:53:27] [Server thread/INFO]: Saving chunks for level 'ServerLevel[1.17 and beyond!]'/minecraft:overworld
[20:53:29] [Server thread/INFO]: Saving chunks for level 'ServerLevel[1.17 and beyond!]'/minecraft:the_end
[20:53:29] [Server thread/INFO]: Saving chunks for level 'ServerLevel[1.17 and beyond!]'/minecraft:the_nether
[20:53:29] [Server thread/INFO]: ThreadedAnvilChunkStorage (Peninsula): All chunks are saved
[20:53:29] [Server thread/INFO]: ThreadedAnvilChunkStorage (DIM1): All chunks are saved
[20:53:29] [Server thread/INFO]: ThreadedAnvilChunkStorage (DIM-1): All chunks are saved
[20:53:29] [Server thread/INFO]: ThreadedAnvilChunkStorage: All dimensions are saved
[20:53:51] [Render thread/INFO]: Stopping!
