[20:59:40] [main/INFO]: Loading Minecraft 1.20.1 with Fabric Loader 0.14.21
[20:59:40] [ForkJoinPool-1-worker-9/WARN]: Mod gravestones uses the version v1.15 which isn't compatible with Loader's extended semantic version format (Could not parse version number component 'v1'!), SemVer is recommended for reliably evaluating dependencies and prioritizing newer version
[20:59:40] [main/INFO]: Loading 75 mods:
	- appleskin 2.5.0+mc1.20
	   \-- cloth-config 11.0.99
	        \-- cloth-basic-math 0.6.1
	- bottleyourxp 3.1
	- collective 6.62
	- comforts 6.3.3+1.20.1
	   |-- cardinal-components-base 5.2.1
	   |-- cardinal-components-entity 5.2.1
	   \-- spectrelib 0.13.12+1.20.1
	        |-- com_electronwill_night-config_core 3.6.5
	        \-- com_electronwill_night-config_toml 3.6.5
	- croptopia 2.3.0
	   |-- com_typesafe_config 1.4.1
	   |-- io_leangen_geantyref_geantyref 1.3.11
	   |-- org_spongepowered_configurate-core 4.1.2
	   \-- org_spongepowered_configurate-hocon 4.1.2
	- fabric-api 0.83.1+1.20.1
	   |-- fabric-api-base 0.4.29+b04edc7a77
	   |-- fabric-api-lookup-api-v1 1.6.34+4d8536c977
	   |-- fabric-biome-api-v1 13.0.10+b3afc78b77
	   |-- fabric-block-api-v1 1.0.9+e022e5d177
	   |-- fabric-blockrenderlayer-v1 1.1.39+b3afc78b77
	   |-- fabric-client-tags-api-v1 1.0.20+b3afc78b77
	   |-- fabric-command-api-v1 1.2.32+f71b366f77
	   |-- fabric-command-api-v2 2.2.11+b3afc78b77
	   |-- fabric-commands-v0 0.2.49+df3654b377
	   |-- fabric-containers-v0 0.1.61+df3654b377
	   |-- fabric-content-registries-v0 4.0.7+b3afc78b77
	   |-- fabric-convention-tags-v1 1.5.3+b3afc78b77
	   |-- fabric-crash-report-info-v1 0.2.18+aeb40ebe77
	   |-- fabric-data-generation-api-v1 12.1.11+b3afc78b77
	   |-- fabric-dimensions-v1 2.1.51+b3afc78b77
	   |-- fabric-entity-events-v1 1.5.21+b3afc78b77
	   |-- fabric-events-interaction-v0 0.6.0+b3afc78b77
	   |-- fabric-events-lifecycle-v0 0.2.61+df3654b377
	   |-- fabric-game-rule-api-v1 1.0.38+b04edc7a77
	   |-- fabric-item-api-v1 2.1.26+b3afc78b77
	   |-- fabric-item-group-api-v1 4.0.7+b3afc78b77
	   |-- fabric-key-binding-api-v1 1.0.36+fb8d95da77
	   |-- fabric-keybindings-v0 0.2.34+df3654b377
	   |-- fabric-lifecycle-events-v1 2.2.20+b3afc78b77
	   |-- fabric-loot-api-v2 1.1.37+b3afc78b77
	   |-- fabric-loot-tables-v1 1.1.41+9e7660c677
	   |-- fabric-message-api-v1 5.1.6+b3afc78b77
	   |-- fabric-mining-level-api-v1 2.1.47+b3afc78b77
	   |-- fabric-models-v0 0.3.35+b3afc78b77
	   |-- fabric-networking-api-v1 1.3.8+b3afc78b77
	   |-- fabric-networking-v0 0.3.48+df3654b377
	   |-- fabric-object-builder-api-v1 11.0.6+b3afc78b77
	   |-- fabric-particles-v1 1.0.28+b3afc78b77
	   |-- fabric-recipe-api-v1 1.0.18+b3afc78b77
	   |-- fabric-registry-sync-v0 2.2.6+b3afc78b77
	   |-- fabric-renderer-api-v1 3.0.1+b3afc78b77
	   |-- fabric-renderer-indigo 1.3.1+b3afc78b77
	   |-- fabric-renderer-registries-v1 3.2.44+df3654b377
	   |-- fabric-rendering-data-attachment-v1 0.3.33+b3afc78b77
	   |-- fabric-rendering-fluids-v1 3.0.26+b3afc78b77
	   |-- fabric-rendering-v0 1.1.47+df3654b377
	   |-- fabric-rendering-v1 3.0.6+b3afc78b77
	   |-- fabric-resource-conditions-api-v1 2.3.5+ea08f9d877
	   |-- fabric-resource-loader-v0 0.11.7+f7923f6d77
	   |-- fabric-screen-api-v1 2.0.6+b3afc78b77
	   |-- fabric-screen-handler-api-v1 1.3.27+b3afc78b77
	   |-- fabric-sound-api-v1 1.0.12+b3afc78b77
	   |-- fabric-transfer-api-v1 3.2.2+b3afc78b77
	   \-- fabric-transitive-access-wideners-v1 4.2.0+b3afc78b77
	- fabric-language-kotlin 1.10.0+kotlin.1.9.0
	   |-- org_jetbrains_kotlin_kotlin-reflect 1.9.0
	   |-- org_jetbrains_kotlin_kotlin-stdlib 1.9.0
	   |-- org_jetbrains_kotlin_kotlin-stdlib-jdk7 1.9.0
	   |-- org_jetbrains_kotlin_kotlin-stdlib-jdk8 1.9.0
	   |-- org_jetbrains_kotlinx_atomicfu-jvm 0.21.0
	   |-- org_jetbrains_kotlinx_kotlinx-coroutines-core-jvm 1.7.2
	   |-- org_jetbrains_kotlinx_kotlinx-coroutines-jdk8 1.7.2
	   |-- org_jetbrains_kotlinx_kotlinx-datetime-jvm 0.4.0
	   |-- org_jetbrains_kotlinx_kotlinx-serialization-cbor-jvm 1.5.1
	   |-- org_jetbrains_kotlinx_kotlinx-serialization-core-jvm 1.5.1
	   \-- org_jetbrains_kotlinx_kotlinx-serialization-json-jvm 1.5.1
	- fabricloader 0.14.21
	- gravestones v1.15
	   \-- cloth-config 11.0.99
	        \-- cloth-basic-math 0.6.1
	- java 17
	- jei 15.2.0.22
	- journeymap 5.9.9
	   \-- journeymap-api-fabric 1.20-1.9-fabric-SNAPSHOT
	- lithium 0.11.2
	- minecraft 1.20.1
	- naturescompass 1.20.1-2.2.1-fabric
[20:59:40] [main/INFO]: SpongePowered MIXIN Subsystem Version=0.8.5 Source=file:/C:/Users/derekd/AppData/Roaming/.minecraft/servers/1.20.1%20Fabric/libraries/net/fabricmc/sponge-mixin/0.12.5+mixin.0.8.5/sponge-mixin-0.12.5+mixin.0.8.5.jar Service=Knot/Fabric Env=SERVER
[20:59:40] [main/INFO]: Compatibility level set to JAVA_17
[20:59:41] [main/INFO]: Loaded configuration file for Lithium: 115 options available, 0 override(s) found
[20:59:52] [main/INFO]: Loading Collective version 6.62.
[20:59:54] [main/INFO]: Initializing ServerSide Packet Registries
[20:59:54] [main/INFO]: Environment: authHost='https://authserver.mojang.com', accountsHost='https://api.mojang.com', sessionHost='https://sessionserver.mojang.com', servicesHost='https://api.minecraftservices.com', name='PROD'
[20:59:54] [main/WARN]: Missing metadata in pack file/VanillaTweaks_d402341_UNZIP_ME.zip
[20:59:56] [main/WARN]: Found loot table element validation problem in {loot_tables:minecraft:entities/bat}.pools[2].entries[0]: Unknown loot table called minecraft:entities/reference/extra/bat
[20:59:56] [main/WARN]: Found loot table element validation problem in {loot_tables:minecraft:entities/shulker}.pools[2].entries[0]: Unknown loot table called minecraft:entities/reference/extra/shulker
[20:59:56] [main/WARN]: Found loot table element validation problem in {loot_tables:minecraft:entities/ender_dragon}.pools[0].entries[0]: Unknown loot table called minecraft:entities/reference/extra/ender_dragon
[20:59:56] [main/INFO]: Loaded 7 recipes
[20:59:56] [main/ERROR]: Parsing error loading custom advancement naturescompass:natures_compass: Expected items to be a JsonArray, was "min...ss"
[20:59:57] [main/INFO]: Loaded 1683 advancements
[20:59:58] [main/INFO]: Applied 190 biome modifications to 64 of 64 new biomes in 38.60 ms
[20:59:58] [Server thread/INFO]: Starting minecraft server version 1.20.1
[20:59:58] [Server thread/INFO]: Loading properties
[20:59:58] [Server thread/INFO]: Default game type: SURVIVAL
[20:59:58] [Server thread/INFO]: Generating keypair
[20:59:58] [Server thread/INFO]: Starting Minecraft server on *:25565
[20:59:58] [Server thread/INFO]: Using default channel type
[20:59:59] [Server thread/INFO]: Preparing level "world"
[21:00:01] [Server thread/INFO]: Preparing start region for dimension minecraft:overworld
[21:00:08] [Worker-Main-9/INFO]: Preparing spawn area: 0%
[21:00:08] [Worker-Main-9/INFO]: Preparing spawn area: 0%
[21:00:08] [Worker-Main-11/INFO]: Preparing spawn area: 0%
[21:00:08] [Worker-Main-3/INFO]: Preparing spawn area: 0%
[21:00:08] [Worker-Main-9/INFO]: Preparing spawn area: 0%
[21:00:08] [Worker-Main-11/INFO]: Preparing spawn area: 0%
[21:00:08] [Worker-Main-3/INFO]: Preparing spawn area: 0%
[21:00:08] [Worker-Main-9/INFO]: Preparing spawn area: 0%
[21:00:08] [Worker-Main-11/INFO]: Preparing spawn area: 0%
[21:00:08] [Worker-Main-3/INFO]: Preparing spawn area: 0%
[21:00:08] [Worker-Main-3/INFO]: Preparing spawn area: 0%
[21:00:08] [Worker-Main-3/INFO]: Preparing spawn area: 0%
[21:00:08] [Worker-Main-3/INFO]: Preparing spawn area: 0%
[21:00:08] [Worker-Main-3/INFO]: Preparing spawn area: 0%
[21:00:08] [Worker-Main-6/INFO]: Preparing spawn area: 0%
[21:00:09] [Worker-Main-9/INFO]: Preparing spawn area: 15%
[21:00:11] [Worker-Main-10/INFO]: Preparing spawn area: 15%
[21:00:11] [Worker-Main-2/INFO]: Preparing spawn area: 15%
[21:00:11] [Worker-Main-8/INFO]: Preparing spawn area: 15%
[21:00:11] [Server thread/INFO]: Time elapsed: 9810 ms
[21:00:11] [Server thread/INFO]: Done (12.191s)! For help, type "help"
[21:00:14] [Server thread/WARN]: Can't keep up! Is the server overloaded? Running 2018ms or 40 ticks behind
[21:00:59] [User Authenticator #1/INFO]: UUID of player RedCodeHero is 0d4a9a37-5e48-4b7e-b6b7-fd3c2fc918f9
[21:00:59] [Server thread/INFO]: RedCodeHero[/127.0.0.1:52619] logged in with entity id 508 at (2485.5, 84.0, -2886.5)
[21:00:59] [Server thread/INFO]: RedCodeHero joined the game
[21:01:29] [Server thread/INFO]: RedCodeHero lost connection: Disconnected
[21:01:29] [Server thread/INFO]: RedCodeHero left the game
[21:01:53] [Server thread/INFO]: Stopping the server
[21:01:53] [Server thread/INFO]: Stopping server
[21:01:53] [Server thread/INFO]: Saving players
[21:01:53] [Server thread/INFO]: Saving worlds
[21:01:53] [Server thread/INFO]: Saving chunks for level 'ServerLevel[world]'/minecraft:overworld
[21:01:53] [Server thread/INFO]: Saving chunks for level 'ServerLevel[world]'/minecraft:the_nether
[21:01:53] [Server thread/INFO]: Saving chunks for level 'ServerLevel[world]'/minecraft:the_end
[21:01:53] [Server thread/INFO]: ThreadedAnvilChunkStorage (world): All chunks are saved
[21:01:53] [Server thread/INFO]: ThreadedAnvilChunkStorage (DIM-1): All chunks are saved
[21:01:53] [Server thread/INFO]: ThreadedAnvilChunkStorage (DIM1): All chunks are saved
[21:01:53] [Server thread/INFO]: ThreadedAnvilChunkStorage: All dimensions are saved
